<?xml version="1.0" encoding="UTF-8"?>
<!-- Generated by org.testng.reporters.JUnitXMLReporter -->
<testsuite ignored="2" hostname="DESKTOP-2GLBG32" failures="0" tests="1" name="Default test" time="0.106" errors="0" timestamp="2023-09-08T20:05:54 GMT-04:00">
  <testcase classname="module1.TestScenario1" name="testcase01" time="0.021"/>
  <testcase classname="module1.TestScenario1" name="testcase02" time="0.0">
    <ignored/>
  </testcase> <!-- testcase02 -->
  <testcase classname="module1.TestScenario1" name="testcase03" time="0.0">
    <ignored/>
  </testcase> <!-- testcase03 -->
</testsuite> <!-- Default test -->
