<?xml version="1.0" encoding="UTF-8"?>
<!-- Generated by org.testng.reporters.JUnitXMLReporter -->
<testsuite ignored="0" hostname="DESKTOP-2GLBG32" failures="0" tests="6" name="Test" time="0.18" errors="0" timestamp="2023-09-08T19:41:01 GMT-04:00">
  <testcase classname="module1.TestScenario1" name="testcase01" time="0.027"/>
  <testcase classname="module1.TestScenario1" name="testcase02" time="0.006"/>
  <testcase classname="module1.TestScenario1" name="testcase03" time="0.01"/>
  <testcase classname="module1.TestScenario2" name="testcase01" time="0.008"/>
  <testcase classname="module1.TestScenario2" name="testcase02" time="0.007"/>
  <testcase classname="module1.TestScenario2" name="testcase03" time="0.003"/>
</testsuite> <!-- Test -->
