<?xml version="1.0" encoding="UTF-8"?>
<testng-results ignored="0" total="1" passed="1" failed="0" skipped="0">
  <reporter-output>
  </reporter-output>
  <suite started-at="2023-09-08T20:05:54 GMT-04:00" name="Default suite" finished-at="2023-09-08T20:05:54 GMT-04:00" duration-ms="106">
    <groups>
    </groups>
    <test started-at="2023-09-08T20:05:54 GMT-04:00" name="Default test" finished-at="2023-09-08T20:05:54 GMT-04:00" duration-ms="106">
      <class name="module1.TestScenario1">
        <test-method signature="testcase01()[pri:0, instance:module1.TestScenario1@8f2ef19]" started-at="2023-09-08T20:05:54 GMT-04:00" name="testcase01" finished-at="2023-09-08T20:05:54 GMT-04:00" duration-ms="21" status="PASS">
          <reporter-output>
          </reporter-output>
        </test-method> <!-- testcase01 -->
      </class> <!-- module1.TestScenario1 -->
    </test> <!-- Default test -->
  </suite> <!-- Default suite -->
</testng-results>
